<?xml version="1.0" encoding="utf-8" standalone="no"?>
<!--This file represents the results of running a test suite-->
<test-results name="src\Tests\bin\Debug\Trains.Test.dll" total="10" failures="0" not-run="0" date="2009-11-11" time="13:23:38">
  <environment nunit-version="2.4.6.0" clr-version="2.0.50727.4927" os-version="Microsoft Windows NT 6.1.7600.0" platform="Win32NT" cwd="C:\dev\work\ThoughtWorks\CodeSamples\Trains" machine-name="PEDRO-NOTEBOOK" user="Pedro Reys" user-domain="Pedro-Notebook" />
  <culture-info current-culture="en-US" current-uiculture="en-US" />
  <test-suite name="src\Tests\bin\Debug\Trains.Test.dll" success="True" time="0.165" asserts="0">
    <results>
      <test-suite name="Trains" success="True" time="0.157" asserts="0">
        <results>
          <test-suite name="Test" success="True" time="0.157" asserts="0">
            <results>
              <test-suite name="TripsSearchEngineTests" success="True" time="0.153" asserts="0">
                <results>
                  <test-case name="Trains.Test.TripsSearchEngineTests.should_find_all_different_routes_from_C_to_C_with_distance_less_than_30" executed="True" success="True" time="0.094" asserts="1" />
                  <test-case name="Trains.Test.TripsSearchEngineTests.should_find_the_lenght_of_the_shortest_route_from_A_to_C" executed="True" success="True" time="0.008" asserts="1" />
                  <test-case name="Trains.Test.TripsSearchEngineTests.should_find_the_lenght_of_the_shortest_route_from_B_to_B" executed="True" success="True" time="0.000" asserts="1" />
                  <test-case name="Trains.Test.TripsSearchEngineTests.should_get_five_as_distance_from_route_AD" executed="True" success="True" time="0.012" asserts="1" />
                  <test-case name="Trains.Test.TripsSearchEngineTests.should_get_inexistent_route_exception_for_route_AED" executed="True" success="True" time="0.004" asserts="1" />
                  <test-case name="Trains.Test.TripsSearchEngineTests.should_get_nine_as_distance_from_route_ABC" executed="True" success="True" time="0.001" asserts="1" />
                  <test-case name="Trains.Test.TripsSearchEngineTests.should_get_the_number_of_routes_starting_at_A_and_ending_at_C_with_exact_4_stops" executed="True" success="True" time="0.003" asserts="1" />
                  <test-case name="Trains.Test.TripsSearchEngineTests.should_get_the_number_of_routes_starting_at_C_and_ending_at_C_with_max_3_stops" executed="True" success="True" time="0.002" asserts="1" />
                  <test-case name="Trains.Test.TripsSearchEngineTests.should_get_thriteen_as_distance_from_route_ADC" executed="True" success="True" time="0.001" asserts="1" />
                  <test-case name="Trains.Test.TripsSearchEngineTests.should_get_twenty_two_as_distance_from_route_AEBCD" executed="True" success="True" time="0.001" asserts="1" />
                </results>
              </test-suite>
            </results>
          </test-suite>
        </results>
      </test-suite>
    </results>
  </test-suite>
</test-results>