<?xml version="1.0" encoding="utf-8" standalone="no"?>
<!--This file represents the results of running a test suite-->
<test-results name="Trains.Test.dll" total="10" errors="0" failures="0" not-run="0" inconclusive="0" ignored="0" skipped="0" invalid="0" date="2009-11-11" time="12:09:02">
  <environment nunit-version="2.5.2.9222" clr-version="2.0.50727.4927" os-version="Microsoft Windows NT 6.1.7600.0" platform="Win32NT" cwd="C:\dev\work\ThoughtWorks\CodeSamples\Trains\Trains.Test\bin\Debug" machine-name="PEDRO-NOTEBOOK" user="Pedro Reys" user-domain="Pedro-Notebook" />
  <culture-info current-culture="en-US" current-uiculture="en-US" />
  <test-suite name="Trains.Test.dll" executed="True" success="True" time="0.207" asserts="0">
    <results>
      <test-suite name="Trains" executed="True" success="True" time="0.193" asserts="0">
        <results>
          <test-suite name="Test" executed="True" success="True" time="0.189" asserts="0">
            <results>
              <test-suite name="PathCalculatorTest" executed="False">
                <reason>
                  <message><![CDATA[PathCalculatorTest does not have any tests]]></message>
                </reason>
              </test-suite>
              <test-suite name="TripsSearchEngineTests" executed="True" success="True" time="0.171" asserts="0">
                <results>
                  <test-case name="Trains.Test.TripsSearchEngineTests.should_find_all_different_routes_from_C_to_C_with_distance_less_than_30" executed="True" success="True" time="0.114" asserts="1" />
                  <test-case name="Trains.Test.TripsSearchEngineTests.should_find_the_lenght_of_the_shortest_route_from_A_to_C" executed="True" success="True" time="0.010" asserts="1" />
                  <test-case name="Trains.Test.TripsSearchEngineTests.should_find_the_lenght_of_the_shortest_route_from_B_to_B" executed="True" success="True" time="0.000" asserts="1" />
                  <test-case name="Trains.Test.TripsSearchEngineTests.Should_Get_Five_As_Distance_From_Route_AD" executed="True" success="True" time="0.011" asserts="1" />
                  <test-case name="Trains.Test.TripsSearchEngineTests.Should_Get_Inexistent_Route_Exception_For_Route_AED" executed="True" success="True" time="0.005" asserts="1" />
                  <test-case name="Trains.Test.TripsSearchEngineTests.Should_Get_Nine_As_Distance_From_Route_ABC" executed="True" success="True" time="0.001" asserts="1" />
                  <test-case name="Trains.Test.TripsSearchEngineTests.should_get_the_number_of_routes_starting_at_A_and_ending_at_C_with_exact_4_stops" executed="True" success="True" time="0.004" asserts="1" />
                  <test-case name="Trains.Test.TripsSearchEngineTests.should_get_the_number_of_routes_starting_at_C_and_ending_at_C_with_max_3_stops" executed="True" success="True" time="0.002" asserts="1" />
                  <test-case name="Trains.Test.TripsSearchEngineTests.Should_Get_Thriteen_As_Distance_From_Route_ADC" executed="True" success="True" time="0.001" asserts="1" />
                  <test-case name="Trains.Test.TripsSearchEngineTests.Should_Get_Twenty_Two_As_Distance_From_Route_AEBCD" executed="True" success="True" time="0.001" asserts="1" />
                </results>
              </test-suite>
            </results>
          </test-suite>
        </results>
      </test-suite>
    </results>
  </test-suite>
</test-results>