<?xml version="1.0" encoding="utf-8" standalone="no"?>
<!--This file represents the results of running a test suite-->
<test-results name="Trains.Core.dll" total="0" errors="0" failures="0" not-run="0" inconclusive="0" ignored="0" skipped="0" invalid="0" date="2009-11-11" time="12:12:48">
  <environment nunit-version="2.5.2.9222" clr-version="2.0.50727.4927" os-version="Microsoft Windows NT 6.1.7600.0" platform="Win32NT" cwd="C:\dev\work\ThoughtWorks\CodeSamples\Trains\Trains.Core\bin\Debug" machine-name="PEDRO-NOTEBOOK" user="Pedro Reys" user-domain="Pedro-Notebook" />
  <culture-info current-culture="en-US" current-uiculture="en-US" />
  <test-suite name="Trains.Core.dll" executed="False">
    <reason>
      <message><![CDATA[Has no TestFixtures]]></message>
    </reason>
  </test-suite>
</test-results>